<?xml version="1.0" encoding="UTF-8"?>
<!-- Generated by org.testng.reporters.JUnitXMLReporter -->
<testsuite hostname="DTNBNAUD528014T" ignored="0" name="Default test" tests="9" failures="0" timestamp="05 Jun 2017 08:39:07 GMT" time="74.231" errors="0">
  <testcase name="Add2Todo" time="0.788" classname="com.unisuper.assignment.Angular.Test.TestClass"/>
  <testcase name="AddTodo" time="0.419" classname="com.unisuper.assignment.Angular.Test.TestClass"/>
  <testcase name="CompleteALLTodo" time="0.486" classname="com.unisuper.assignment.Angular.Test.TestClass"/>
  <testcase name="CompleteTodo" time="0.28" classname="com.unisuper.assignment.Angular.Test.TestClass"/>
  <testcase name="CompleteTodoFilter" time="0.562" classname="com.unisuper.assignment.Angular.Test.TestClass"/>
  <testcase name="DeleteAllTodo" time="0.718" classname="com.unisuper.assignment.Angular.Test.TestClass"/>
  <testcase name="DeleteTodo" time="0.788" classname="com.unisuper.assignment.Angular.Test.TestClass"/>
  <testcase name="EditExistingTodo" time="0.659" classname="com.unisuper.assignment.Angular.Test.TestClass"/>
  <testcase name="ReactivateCompleteTodo" time="0.392" classname="com.unisuper.assignment.Angular.Test.TestClass"/>
</testsuite> <!-- Default test -->
