<?xml version="1.0" encoding="UTF-8"?>
<!-- Generated by org.testng.reporters.JUnitXMLReporter -->
<testsuite hostname="Gayathri" ignored="2" name="Practice 1" tests="2" failures="0" timestamp="02 Jun 2017 10:43:23 GMT" time="0.092" errors="0">
  <testcase name="test3" time="0.014" classname="com.sreeram.gayathri.Maven.Test.Test_Tutorial"/>
  <testcase name="test1" time="0.018" classname="com.sreeram.gayathri.Maven.Test.Test_Tutorial"/>
  <testcase name="test2" time="0.0" classname="com.sreeram.gayathri.Maven.Test.Test_Tutorial">
    <ignored/>
  </testcase> <!-- test2 -->
  <testcase name="test4" time="0.0" classname="com.sreeram.gayathri.Maven.Test.Test_Tutorial">
    <ignored/>
  </testcase> <!-- test4 -->
</testsuite> <!-- Practice 1 -->
